<?xml version="1.0" encoding="UTF-8"?>
<testng-results ignored="0" total="1" passed="1" failed="0" skipped="0">
  <reporter-output>
  </reporter-output>
  <suite started-at="2024-08-08T12:40:34 IST" name="Default suite" finished-at="2024-08-08T12:40:38 IST" duration-ms="3717">
    <groups>
    </groups>
    <test started-at="2024-08-08T12:40:34 IST" name="Default test" finished-at="2024-08-08T12:40:38 IST" duration-ms="3717">
      <class name="practise_form_testng.tutorialspoint">
        <test-method is-config="true" signature="beforeSuite()[pri:0, instance:practise_form_testng.tutorialspoint@5c80cf32]" started-at="2024-08-08T12:40:32 IST" name="beforeSuite" finished-at="2024-08-08T12:40:34 IST" duration-ms="2105" status="PASS">
          <reporter-output>
          </reporter-output>
        </test-method> <!-- beforeSuite -->
        <test-method is-config="true" signature="before()[pri:0, instance:practise_form_testng.tutorialspoint@5c80cf32]" started-at="2024-08-08T12:40:34 IST" name="before" finished-at="2024-08-08T12:40:35 IST" duration-ms="944" status="PASS">
          <reporter-output>
          </reporter-output>
        </test-method> <!-- before -->
        <test-method signature="func()[pri:0, instance:practise_form_testng.tutorialspoint@5c80cf32]" started-at="2024-08-08T12:40:35 IST" name="func" finished-at="2024-08-08T12:40:38 IST" duration-ms="2731" status="PASS">
          <reporter-output>
          </reporter-output>
        </test-method> <!-- func -->
        <test-method is-config="true" signature="afterSuite()[pri:0, instance:practise_form_testng.tutorialspoint@5c80cf32]" started-at="2024-08-08T12:40:38 IST" name="afterSuite" finished-at="2024-08-08T12:40:38 IST" duration-ms="118" status="PASS">
          <reporter-output>
          </reporter-output>
        </test-method> <!-- afterSuite -->
      </class> <!-- practise_form_testng.tutorialspoint -->
    </test> <!-- Default test -->
  </suite> <!-- Default suite -->
</testng-results>
